Started GET "/" for ::1 at 2019-04-19 04:52:02 +0900
Processing by Rails::WelcomeController#index as HTML
  Rendering /Users/shimataku0623/.rbenv/versions/2.6.2/lib/ruby/gems/2.6.0/gems/railties-5.2.3/lib/rails/templates/rails/welcome/index.html.erb
  Rendered /Users/shimataku0623/.rbenv/versions/2.6.2/lib/ruby/gems/2.6.0/gems/railties-5.2.3/lib/rails/templates/rails/welcome/index.html.erb (5.8ms)
Completed 200 OK in 25ms (Views: 13.3ms | ActiveRecord: 0.0ms)


Started GET "/" for ::1 at 2019-04-20 23:24:00 +0900
Processing by Rails::WelcomeController#index as HTML
  Rendering /Users/shimataku0623/.rbenv/versions/2.6.2/lib/ruby/gems/2.6.0/gems/railties-5.2.3/lib/rails/templates/rails/welcome/index.html.erb
  Rendered /Users/shimataku0623/.rbenv/versions/2.6.2/lib/ruby/gems/2.6.0/gems/railties-5.2.3/lib/rails/templates/rails/welcome/index.html.erb (5.2ms)
Completed 200 OK in 27ms (Views: 12.6ms | ActiveRecord: 0.0ms)


Started GET "/" for ::1 at 2019-04-20 23:24:07 +0900
Processing by Rails::WelcomeController#index as HTML
  Rendering /Users/shimataku0623/.rbenv/versions/2.6.2/lib/ruby/gems/2.6.0/gems/railties-5.2.3/lib/rails/templates/rails/welcome/index.html.erb
  Rendered /Users/shimataku0623/.rbenv/versions/2.6.2/lib/ruby/gems/2.6.0/gems/railties-5.2.3/lib/rails/templates/rails/welcome/index.html.erb (2.8ms)
Completed 200 OK in 6ms (Views: 4.1ms | ActiveRecord: 0.0ms)


Started GET "/users" for ::1 at 2019-04-20 23:24:09 +0900
Processing by UsersController#index as HTML
  Rendering text template
  Rendered text template (0.0ms)
Completed 200 OK in 3ms (Views: 2.6ms | ActiveRecord: 0.0ms)


Started GET "/users" for ::1 at 2019-04-21 00:38:34 +0900
Processing by UsersController#index as HTML
  Rendering text template
  Rendered text template (0.0ms)
Completed 200 OK in 1ms (Views: 0.5ms | ActiveRecord: 0.0ms)


Started GET "/users" for ::1 at 2019-04-21 00:38:39 +0900
Processing by UsersController#index as HTML
  Rendering text template
  Rendered text template (0.1ms)
Completed 200 OK in 2ms (Views: 1.3ms | ActiveRecord: 0.0ms)


Started GET "/users" for ::1 at 2019-04-21 00:39:17 +0900
Processing by UsersController#index as HTML
  Rendering text template
  Rendered text template (0.0ms)
Completed 200 OK in 16ms (Views: 2.1ms | ActiveRecord: 0.0ms)


Started GET "/users" for ::1 at 2019-04-21 00:39:22 +0900
Processing by UsersController#index as HTML
  Rendering text template
  Rendered text template (0.0ms)
Completed 200 OK in 1ms (Views: 0.5ms | ActiveRecord: 0.0ms)


Started GET "/users" for ::1 at 2019-04-21 00:39:25 +0900
Processing by UsersController#index as HTML
  Rendering text template
  Rendered text template (0.0ms)
Completed 200 OK in 1ms (Views: 0.7ms | ActiveRecord: 0.0ms)


Started GET "/users" for ::1 at 2019-04-21 00:39:28 +0900
Processing by UsersController#index as HTML
  Rendering text template
  Rendered text template (0.0ms)
Completed 200 OK in 1ms (Views: 0.6ms | ActiveRecord: 0.0ms)


Started GET "/" for ::1 at 2019-04-21 00:39:28 +0900
Processing by Rails::WelcomeController#index as HTML
  Rendering /Users/shimataku0623/.rbenv/versions/2.6.2/lib/ruby/gems/2.6.0/gems/railties-5.2.3/lib/rails/templates/rails/welcome/index.html.erb
  Rendered /Users/shimataku0623/.rbenv/versions/2.6.2/lib/ruby/gems/2.6.0/gems/railties-5.2.3/lib/rails/templates/rails/welcome/index.html.erb (4.7ms)
Completed 200 OK in 11ms (Views: 7.8ms | ActiveRecord: 0.0ms)


Started GET "/" for ::1 at 2019-04-21 00:39:28 +0900
Processing by Rails::WelcomeController#index as HTML
  Rendering /Users/shimataku0623/.rbenv/versions/2.6.2/lib/ruby/gems/2.6.0/gems/railties-5.2.3/lib/rails/templates/rails/welcome/index.html.erb
  Rendered /Users/shimataku0623/.rbenv/versions/2.6.2/lib/ruby/gems/2.6.0/gems/railties-5.2.3/lib/rails/templates/rails/welcome/index.html.erb (5.9ms)
Completed 200 OK in 21ms (Views: 8.6ms | ActiveRecord: 0.0ms)


Started GET "/" for ::1 at 2019-04-21 00:41:00 +0900
Processing by Rails::WelcomeController#index as HTML
  Rendering /Users/shimataku0623/.rbenv/versions/2.6.2/lib/ruby/gems/2.6.0/gems/railties-5.2.3/lib/rails/templates/rails/welcome/index.html.erb
  Rendered /Users/shimataku0623/.rbenv/versions/2.6.2/lib/ruby/gems/2.6.0/gems/railties-5.2.3/lib/rails/templates/rails/welcome/index.html.erb (1.9ms)
Completed 200 OK in 5ms (Views: 3.4ms | ActiveRecord: 0.0ms)


Started GET "/users" for ::1 at 2019-04-21 00:41:02 +0900
Processing by UsersController#index as HTML
  Rendering users/index.html.erb within layouts/application
  Rendered users/index.html.erb within layouts/application (0.5ms)
Completed 200 OK in 584ms (Views: 583.1ms | ActiveRecord: 0.0ms)


Started GET "/users" for ::1 at 2019-04-21 00:41:03 +0900
Processing by UsersController#index as HTML
  Rendering users/index.html.erb within layouts/application
  Rendered users/index.html.erb within layouts/application (0.5ms)
Completed 200 OK in 30ms (Views: 28.6ms | ActiveRecord: 0.0ms)


Started GET "/users" for ::1 at 2019-04-21 00:41:26 +0900
Processing by UsersController#index as HTML
  Rendering users/index.html.erb within layouts/application
  Rendered users/index.html.erb within layouts/application (0.4ms)
Completed 200 OK in 28ms (Views: 27.7ms | ActiveRecord: 0.0ms)


Started GET "/users" for ::1 at 2019-04-21 02:09:30 +0900
Processing by UsersController#index as HTML
  Rendering users/index.html.erb within layouts/application
  Rendered users/index.html.erb within layouts/application (0.6ms)
Completed 200 OK in 75ms (Views: 74.6ms | ActiveRecord: 0.0ms)


Started GET "/users" for ::1 at 2019-04-21 02:09:51 +0900
Processing by UsersController#index as HTML
  Rendering users/index.html.erb within layouts/application
  Rendered users/index.html.erb within layouts/application (0.8ms)
Completed 200 OK in 29ms (Views: 28.2ms | ActiveRecord: 0.0ms)


Started GET "/users" for ::1 at 2019-04-21 18:02:07 +0900
Processing by UsersController#index as HTML
  Rendering users/index.html.erb within layouts/application
  Rendered users/index.html.erb within layouts/application (0.6ms)
Completed 200 OK in 39ms (Views: 38.2ms | ActiveRecord: 0.0ms)


Started GET "/" for ::1 at 2019-04-22 02:16:58 +0900
Processing by Rails::WelcomeController#index as HTML
  Rendering /Users/shimataku0623/.rbenv/versions/2.6.2/lib/ruby/gems/2.6.0/gems/railties-5.2.3/lib/rails/templates/rails/welcome/index.html.erb
  Rendered /Users/shimataku0623/.rbenv/versions/2.6.2/lib/ruby/gems/2.6.0/gems/railties-5.2.3/lib/rails/templates/rails/welcome/index.html.erb (6.7ms)
Completed 200 OK in 12ms (Views: 9.3ms | ActiveRecord: 0.0ms)


Started GET "/users" for ::1 at 2019-04-22 02:16:59 +0900
Processing by UsersController#index as HTML
  Rendering users/index.html.erb within layouts/application
  Rendered users/index.html.erb within layouts/application (301.0ms)
Completed 500 Internal Server Error in 304ms (ActiveRecord: 0.0ms)


  
ActionView::Template::Error (undefined method `styleseet_link_tag' for #<#<Class:0x00007ff0df303068>:0x00007ff0df0e28d8>
Did you mean?  stylesheet_link_tag):
    1: <%= styleseet_link_tag 'users' %>
    2: <%= javascript_include_tag 'users' %>
    3: 
    4: <div class='users-index'><%= @hello %></div>
  
app/views/users/index.html.erb:1:in `_app_views_users_index_html_erb___1154174344207502651_70336235838700'
app/controllers/users_controller.rb:5:in `index'
Started GET "/" for ::1 at 2019-04-22 02:16:59 +0900
Processing by Rails::WelcomeController#index as HTML
  Rendering /Users/shimataku0623/.rbenv/versions/2.6.2/lib/ruby/gems/2.6.0/gems/railties-5.2.3/lib/rails/templates/rails/welcome/index.html.erb
  Rendered /Users/shimataku0623/.rbenv/versions/2.6.2/lib/ruby/gems/2.6.0/gems/railties-5.2.3/lib/rails/templates/rails/welcome/index.html.erb (3.2ms)
Completed 200 OK in 7ms (Views: 5.2ms | ActiveRecord: 0.0ms)


Started GET "/" for ::1 at 2019-04-22 02:17:04 +0900
Processing by Rails::WelcomeController#index as HTML
  Rendering /Users/shimataku0623/.rbenv/versions/2.6.2/lib/ruby/gems/2.6.0/gems/railties-5.2.3/lib/rails/templates/rails/welcome/index.html.erb
  Rendered /Users/shimataku0623/.rbenv/versions/2.6.2/lib/ruby/gems/2.6.0/gems/railties-5.2.3/lib/rails/templates/rails/welcome/index.html.erb (4.3ms)
Completed 200 OK in 8ms (Views: 6.1ms | ActiveRecord: 0.0ms)


Started GET "/users" for ::1 at 2019-04-22 02:17:07 +0900
Processing by UsersController#index as HTML
  Rendering users/index.html.erb within layouts/application
  Rendered users/index.html.erb within layouts/application (187.4ms)
Completed 500 Internal Server Error in 191ms (ActiveRecord: 0.0ms)


  
ActionView::Template::Error (undefined method `styleseet_link_tag' for #<#<Class:0x00007ff0df303068>:0x00007ff0e102a6f0>
Did you mean?  stylesheet_link_tag):
    1: <%= styleseet_link_tag 'users' %>
    2: <%= javascript_include_tag 'users' %>
    3: 
    4: <div class='users-index'><%= @hello %></div>
  
app/views/users/index.html.erb:1:in `_app_views_users_index_html_erb___1154174344207502651_70336271960620'
app/controllers/users_controller.rb:5:in `index'
Started GET "/users" for ::1 at 2019-04-22 02:17:08 +0900
Processing by UsersController#index as HTML
  Rendering users/index.html.erb within layouts/application
  Rendered users/index.html.erb within layouts/application (174.5ms)
Completed 500 Internal Server Error in 177ms (ActiveRecord: 0.0ms)


  
ActionView::Template::Error (undefined method `styleseet_link_tag' for #<#<Class:0x00007ff0df303068>:0x00007ff0dbb116a0>
Did you mean?  stylesheet_link_tag):
    1: <%= styleseet_link_tag 'users' %>
    2: <%= javascript_include_tag 'users' %>
    3: 
    4: <div class='users-index'><%= @hello %></div>
  
app/views/users/index.html.erb:1:in `_app_views_users_index_html_erb___1154174344207502651_70336227381980'
app/controllers/users_controller.rb:5:in `index'
Started GET "/users" for ::1 at 2019-04-22 02:17:37 +0900
Processing by UsersController#index as HTML
  Rendering users/index.html.erb within layouts/application
  Rendered users/index.html.erb within layouts/application (156.4ms)
Completed 500 Internal Server Error in 160ms (ActiveRecord: 0.0ms)


  
ActionView::Template::Error (undefined method `styleseet_link_tag' for #<#<Class:0x00007ff0df303068>:0x00007ff0dccba050>
Did you mean?  stylesheet_link_tag):
    1: <%= styleseet_link_tag 'admin' %>
    2: <%= javascript_include_tag 'admin' %>
    3: 
    4: <div class='users-index'><%= @hello %></div>
  
app/views/users/index.html.erb:1:in `_app_views_users_index_html_erb___1154174344207502651_70336236603100'
app/controllers/users_controller.rb:5:in `index'
Started GET "/users" for ::1 at 2019-04-22 02:19:49 +0900
Processing by UsersController#index as HTML
  Rendering users/index.html.erb within layouts/application
  Rendered users/index.html.erb within layouts/application (97.0ms)
Completed 500 Internal Server Error in 102ms (ActiveRecord: 0.0ms)


  
ActionView::Template::Error (Asset was not declared to be precompiled in production.
Add `Rails.application.config.assets.precompile += %w( users.css )` to `config/initializers/assets.rb` and restart your server):
    1: <%= stylesheet_link_tag 'users' %>
    2: <%= javascript_include_tag 'users' %>
    3: 
    4: <div class='users-index'><%= @hello %></div>
  
app/views/users/index.html.erb:1:in `_app_views_users_index_html_erb___1154174344207502651_70336268486020'
app/controllers/users_controller.rb:5:in `index'
Started GET "/users" for ::1 at 2019-04-22 02:20:09 +0900
Processing by UsersController#index as HTML
  Rendering users/index.html.erb within layouts/application
  Rendered users/index.html.erb within layouts/application (3.2ms)
Completed 500 Internal Server Error in 6ms (ActiveRecord: 0.0ms)


  
ActionView::Template::Error (The asset "admin.css" is not present in the asset pipeline.):
    1: <%= stylesheet_link_tag 'admin' %>
    2: <%= javascript_include_tag 'admin' %>
    3: 
    4: <div class='users-index'><%= @hello %></div>
  
app/views/users/index.html.erb:1:in `_app_views_users_index_html_erb___1154174344207502651_70336236936160'
app/controllers/users_controller.rb:5:in `index'
Started GET "/users" for ::1 at 2019-04-22 02:20:38 +0900
Processing by UsersController#index as HTML
  Rendering users/index.html.erb within layouts/application
  Rendered users/index.html.erb within layouts/application (8.3ms)
Completed 500 Internal Server Error in 11ms (ActiveRecord: 0.0ms)


  
ActionView::Template::Error (Asset was not declared to be precompiled in production.
Add `Rails.application.config.assets.precompile += %w( users.css )` to `config/initializers/assets.rb` and restart your server):
    1: <%= stylesheet_link_tag 'users' %>
    2: <%= javascript_include_tag 'users' %>
    3: 
    4: <div class='users-index'><%= @hello %></div>
  
app/views/users/index.html.erb:1:in `_app_views_users_index_html_erb___1154174344207502651_70336257382000'
app/controllers/users_controller.rb:5:in `index'
Started GET "/users" for ::1 at 2019-04-22 02:22:32 +0900
Processing by UsersController#index as HTML
  Rendering users/index.html.erb within layouts/application
  Rendered users/index.html.erb within layouts/application (8.9ms)
Completed 500 Internal Server Error in 13ms (ActiveRecord: 0.0ms)


  
ActionView::Template::Error (Asset was not declared to be precompiled in production.
Add `Rails.application.config.assets.precompile += %w( users.css )` to `config/initializers/assets.rb` and restart your server):
    1: <%= stylesheet_link_tag 'users' %>
    2: <%= javascript_include_tag 'users' %>
    3: 
    4: <div class='users-index'><%= @hello %></div>
  
app/views/users/index.html.erb:1:in `_app_views_users_index_html_erb___1154174344207502651_70336236785660'
app/controllers/users_controller.rb:5:in `index'
Started GET "/users" for ::1 at 2019-04-22 02:22:36 +0900
Processing by UsersController#index as HTML
  Rendering users/index.html.erb within layouts/application
  Rendered users/index.html.erb within layouts/application (7.1ms)
Completed 500 Internal Server Error in 11ms (ActiveRecord: 0.0ms)


  
ActionView::Template::Error (Asset was not declared to be precompiled in production.
Add `Rails.application.config.assets.precompile += %w( users.css )` to `config/initializers/assets.rb` and restart your server):
    1: <%= stylesheet_link_tag 'users' %>
    2: <%= javascript_include_tag 'users' %>
    3: 
    4: <div class='users-index'><%= @hello %></div>
  
app/views/users/index.html.erb:1:in `_app_views_users_index_html_erb___1154174344207502651_70336236609140'
app/controllers/users_controller.rb:5:in `index'
Started GET "/" for ::1 at 2019-05-04 23:43:44 +0900
Processing by Rails::WelcomeController#index as HTML
  Rendering /Users/shimataku0623/.rbenv/versions/2.6.2/lib/ruby/gems/2.6.0/gems/railties-5.2.3/lib/rails/templates/rails/welcome/index.html.erb
  Rendered /Users/shimataku0623/.rbenv/versions/2.6.2/lib/ruby/gems/2.6.0/gems/railties-5.2.3/lib/rails/templates/rails/welcome/index.html.erb (5.9ms)
Completed 200 OK in 28ms (Views: 13.7ms | ActiveRecord: 0.0ms)


Started GET "/" for ::1 at 2019-05-04 23:43:45 +0900
Processing by Rails::WelcomeController#index as HTML
  Rendering /Users/shimataku0623/.rbenv/versions/2.6.2/lib/ruby/gems/2.6.0/gems/railties-5.2.3/lib/rails/templates/rails/welcome/index.html.erb
  Rendered /Users/shimataku0623/.rbenv/versions/2.6.2/lib/ruby/gems/2.6.0/gems/railties-5.2.3/lib/rails/templates/rails/welcome/index.html.erb (2.5ms)
Completed 200 OK in 6ms (Views: 3.8ms | ActiveRecord: 0.0ms)


Started GET "/" for ::1 at 2019-05-04 23:44:08 +0900
Processing by Rails::WelcomeController#index as HTML
  Rendering /Users/shimataku0623/.rbenv/versions/2.6.2/lib/ruby/gems/2.6.0/gems/railties-5.2.3/lib/rails/templates/rails/welcome/index.html.erb
  Rendered /Users/shimataku0623/.rbenv/versions/2.6.2/lib/ruby/gems/2.6.0/gems/railties-5.2.3/lib/rails/templates/rails/welcome/index.html.erb (3.0ms)
Completed 200 OK in 6ms (Views: 4.5ms | ActiveRecord: 0.0ms)


Started GET "/users" for ::1 at 2019-05-04 23:44:08 +0900
Processing by UsersController#index as HTML
  Rendering users/index.html.erb within layouts/application
  Rendered users/index.html.erb within layouts/application (400.8ms)
Completed 200 OK in 492ms (Views: 491.1ms | ActiveRecord: 0.0ms)


Started GET "/users" for ::1 at 2019-05-04 23:44:09 +0900
Processing by UsersController#index as HTML
Started GET "/users" for ::1 at 2019-05-04 23:44:09 +0900
  Rendering users/index.html.erb within layouts/application
Processing by UsersController#index as HTML
  Rendering users/index.html.erb within layouts/application
  Rendered users/index.html.erb within layouts/application (13.2ms)
  Rendered users/index.html.erb within layouts/application (21.1ms)
Completed 200 OK in 63ms (Views: 61.5ms | ActiveRecord: 0.0ms)


Completed 200 OK in 53ms (Views: 52.0ms | ActiveRecord: 0.0ms)


Started GET "/users" for ::1 at 2019-05-04 23:49:02 +0900
Processing by UsersController#index as HTML
  Rendering users/index.html.erb within layouts/application
  Rendered users/index.html.erb within layouts/application (4.2ms)
Completed 200 OK in 22ms (Views: 21.4ms | ActiveRecord: 0.0ms)


Started GET "/" for ::1 at 2019-05-05 00:11:01 +0900
Processing by Rails::WelcomeController#index as HTML
  Rendering /Users/shimataku0623/.rbenv/versions/2.6.2/lib/ruby/gems/2.6.0/gems/railties-5.2.3/lib/rails/templates/rails/welcome/index.html.erb
  Rendered /Users/shimataku0623/.rbenv/versions/2.6.2/lib/ruby/gems/2.6.0/gems/railties-5.2.3/lib/rails/templates/rails/welcome/index.html.erb (2.9ms)
Completed 200 OK in 15ms (Views: 5.5ms | ActiveRecord: 0.0ms)


Started GET "/" for ::1 at 2019-05-05 00:11:05 +0900
Processing by Rails::WelcomeController#index as HTML
  Rendering /Users/shimataku0623/.rbenv/versions/2.6.2/lib/ruby/gems/2.6.0/gems/railties-5.2.3/lib/rails/templates/rails/welcome/index.html.erb
  Rendered /Users/shimataku0623/.rbenv/versions/2.6.2/lib/ruby/gems/2.6.0/gems/railties-5.2.3/lib/rails/templates/rails/welcome/index.html.erb (2.5ms)
Completed 200 OK in 5ms (Views: 3.7ms | ActiveRecord: 0.0ms)


Started GET "/users" for ::1 at 2019-05-05 00:11:05 +0900
Processing by UsersController#index as HTML
  Rendering users/index.html.erb within layouts/application
  Rendered users/index.html.erb within layouts/application (230.1ms)
Completed 200 OK in 258ms (Views: 257.2ms | ActiveRecord: 0.0ms)


Started GET "/users" for ::1 at 2019-05-05 00:11:06 +0900
Processing by UsersController#index as HTML
  Rendering users/index.html.erb within layouts/application
  Rendered users/index.html.erb within layouts/application (4.0ms)
Completed 200 OK in 74ms (Views: 73.0ms | ActiveRecord: 0.0ms)


Started GET "/users" for ::1 at 2019-05-05 00:11:06 +0900
Processing by UsersController#index as HTML
  Rendering users/index.html.erb within layouts/application
  Rendered users/index.html.erb within layouts/application (7.3ms)
Completed 200 OK in 21ms (Views: 20.7ms | ActiveRecord: 0.0ms)


